<?xml version="1.0" encoding="UTF-8"?>
<!-- Generated by org.testng.reporters.JUnitXMLReporter -->
<testsuite hostname="01fca5234190" ignored="0" name="book-flight-test-1" tests="5" failures="0" timestamp="12 Feb 2022 20:47:50 GMT" time="190.075" errors="0">
  <testcase name="registrationPageTest" time="27.401" classname="com.newtours.tests.BookFlightTest"/>
  <testcase name="registrationConfirmationTest" time="3.134" classname="com.newtours.tests.BookFlightTest"/>
  <testcase name="flightDetailsPage" time="1.543" classname="com.newtours.tests.BookFlightTest"/>
  <testcase name="findFlightPage" time="3.217" classname="com.newtours.tests.BookFlightTest"/>
  <testcase name="flightConfirmationPage" time="1.992" classname="com.newtours.tests.BookFlightTest"/>
</testsuite> <!-- book-flight-test-1 -->
