<?xml version="1.0" encoding="UTF-8"?>
<!-- Generated by org.testng.reporters.JUnitXMLReporter -->
<testsuite hostname="01fca5234190" ignored="0" name="book-flight-test-3" tests="5" failures="0" timestamp="12 Feb 2022 20:46:43 GMT" time="122.551" errors="0">
  <testcase name="registrationPageTest" time="19.448" classname="com.newtours.tests.BookFlightTest"/>
  <testcase name="registrationConfirmationTest" time="2.756" classname="com.newtours.tests.BookFlightTest"/>
  <testcase name="flightDetailsPage" time="2.031" classname="com.newtours.tests.BookFlightTest"/>
  <testcase name="findFlightPage" time="2.348" classname="com.newtours.tests.BookFlightTest"/>
  <testcase name="flightConfirmationPage" time="1.007" classname="com.newtours.tests.BookFlightTest"/>
</testsuite> <!-- book-flight-test-3 -->
