<?xml version="1.0" encoding="UTF-8"?>
<!-- Generated by org.testng.reporters.JUnitXMLReporter -->
<testsuite hostname="01fca5234190" ignored="0" name="book-flight-test-2" tests="5" failures="0" timestamp="12 Feb 2022 20:45:42 GMT" time="61.645" errors="0">
  <testcase name="registrationPageTest" time="24.133" classname="com.newtours.tests.BookFlightTest"/>
  <testcase name="registrationConfirmationTest" time="1.878" classname="com.newtours.tests.BookFlightTest"/>
  <testcase name="flightDetailsPage" time="1.828" classname="com.newtours.tests.BookFlightTest"/>
  <testcase name="findFlightPage" time="2.131" classname="com.newtours.tests.BookFlightTest"/>
  <testcase name="flightConfirmationPage" time="0.732" classname="com.newtours.tests.BookFlightTest"/>
</testsuite> <!-- book-flight-test-2 -->
